Info: DeliveryProcess:processo_atendimento_chamados_ifrn: 390 mini seconds publishing element
Info: DeliveryProcess:processo_atendimento_chamados_ifrn: 1061 mini seconds publishing process specific layout data
Info: Phase:Distribuicao: 156 mini seconds publishing element
Info: Task:abrir_chamado: 16 mini seconds publishing element
Info: TaskDescriptor:abrir_chamado: 0 mini seconds publishing element
Info: Role:interessado: 62 mini seconds publishing element
Info: RoleDescriptor:interessado: 16 mini seconds publishing element
Info: Role:atendente: 78 mini seconds publishing element
Info: RoleDescriptor:atendente: 0 mini seconds publishing element
Info: Role:responsavel_grupo: 62 mini seconds publishing element
Info: RoleDescriptor:responsavel_grupo: 0 mini seconds publishing element
Info: Activity:Distribuir Chamado: 187 mini seconds publishing element
Info: Task:identificar_interessado: 32 mini seconds publishing element
Info: TaskDescriptor:identificar_interessado: 15 mini seconds publishing element
Info: Role:suap: 78 mini seconds publishing element
Info: RoleDescriptor:suap: 0 mini seconds publishing element
Info: Task:identificar_servico_solicitado: 16 mini seconds publishing element
Info: TaskDescriptor:identificar_servico_solicitado: 15 mini seconds publishing element
Info: Task:distribuir_chamado_para_central_de_atendimento_responsavel: 16 mini seconds publishing element
Info: TaskDescriptor:distribuir_chamado_para_central_de_atendimento_responsavel: 0 mini seconds publishing element
Info: Phase:Atendimento: 421 mini seconds publishing element
Info: Task:retornar_chamado: 15 mini seconds publishing element
Info: TaskDescriptor:retornar_chamado: 0 mini seconds publishing element
Info: RoleDescriptor:atendente: 16 mini seconds publishing element
Info: RoleDescriptor:responsavel_grupo: 0 mini seconds publishing element
Info: Task:atribuir_chamado: 15 mini seconds publishing element
Info: TaskDescriptor:atribuir_chamado: 0 mini seconds publishing element
Info: Task:assumir_chamado: 0 mini seconds publishing element
Info: TaskDescriptor:assumir_chamado: 15 mini seconds publishing element
Info: Task:analisar_a_solicitacao_do_interessado: 0 mini seconds publishing element
Info: TaskDescriptor:analisar_a_solicitacao_do_interessado: 0 mini seconds publishing element
Info: Task:reclassificar_chamado: 0 mini seconds publishing element
Info: TaskDescriptor:reclassificar_chamado: 0 mini seconds publishing element
Info: Activity:Distribuir Chamado: 640 mini seconds publishing element
Info: TaskDescriptor:identificar_interessado: 0 mini seconds publishing element
Info: RoleDescriptor:suap: 0 mini seconds publishing element
Info: TaskDescriptor:identificar_servico_solicitado: 0 mini seconds publishing element
Info: TaskDescriptor:distribuir_chamado_para_central_de_atendimento_responsavel: 0 mini seconds publishing element
Info: Task:analisar_problema_informado: 0 mini seconds publishing element
Info: TaskDescriptor:analisar_problema_informado: 0 mini seconds publishing element
Info: Task:consultar_base_de_conhecimento: 109 mini seconds publishing element
Info: TaskDescriptor:consultar_base_de_conhecimento: 16 mini seconds publishing element
Info: Task:escalar_chamado: 31 mini seconds publishing element
Info: TaskDescriptor:escalar_chamado: 0 mini seconds publishing element
Info: Activity:Atender Chamado: 406 mini seconds publishing element
Info: Task:status_em_atendimento: 15 mini seconds publishing element
Info: TaskDescriptor:status_em_atendimento: 0 mini seconds publishing element
Info: RoleDescriptor:atendente: 0 mini seconds publishing element
Info: Task:status_suspenso: 15 mini seconds publishing element
Info: TaskDescriptor:status_suspenso: 16 mini seconds publishing element
Info: Task:cadastrar_comentario: 16 mini seconds publishing element
Info: TaskDescriptor:cadastrar_comentario: 0 mini seconds publishing element
Info: RoleDescriptor:interessado: 15 mini seconds publishing element
Info: Task:realizar_atendimento: 16 mini seconds publishing element
Info: TaskDescriptor:realizar_atendimento: 0 mini seconds publishing element
Info: Task:cadastrar_base_de_conhecimentos: 47 mini seconds publishing element
Info: TaskDescriptor:cadastrar_base_de_conhecimentos: 15 mini seconds publishing element
Info: RoleDescriptor:responsavel_grupo: 0 mini seconds publishing element
Info: Task:escolher_base_de_conhecimentos: 31 mini seconds publishing element
Info: TaskDescriptor:escolher_base_de_conhecimentos: 0 mini seconds publishing element
Info: Task:status_resolvido: 32 mini seconds publishing element
Info: TaskDescriptor:status_resolvido: 0 mini seconds publishing element
Info: Phase:Homologacao: 281 mini seconds publishing element
Info: Task:reabrir_chamado: 15 mini seconds publishing element
Info: TaskDescriptor:reabrir_chamado: 16 mini seconds publishing element
Info: RoleDescriptor:interessado: 0 mini seconds publishing element
Info: RoleDescriptor:responsavel_grupo: 15 mini seconds publishing element
Info: Task:fechar_chamado: 16 mini seconds publishing element
Info: TaskDescriptor:fechar_chamado: 0 mini seconds publishing element
Info: Task:avaliar_atendimento: 16 mini seconds publishing element
Info: TaskDescriptor:avaliar_atendimento: 0 mini seconds publishing element
Info: CustomCategory:visao_do_delivery_process: 16 mini seconds publishing element
Info: : Publishing time: 0 minutes 6 seconds
